<?xml version="1.0" encoding="UTF-8"?>
<!-- Generated by org.testng.reporters.JUnitXMLReporter -->
<testsuite ignored="0" hostname="ACER" failures="0" tests="3" name="Default test" time="0.046" errors="0" timestamp="2023-03-27T21:48:07 IST">
  <testcase classname="TestingNGDEMO.InstagramTestNG" name="@BeforeTest OpenBrowser" time="-1.679933887591E9">
    <failure type="org.testng.TestNGException" message="
Parameter &amp;apos;browser&amp;apos; is required by BeforeTest on method OpenBrowser but has not been marked @Optional or defined
in C:\Users\sanja\AppData\Local\Temp\testng-eclipse--1839385262\testng-customsuite.xml">
      <![CDATA[org.testng.TestNGException: 
Parameter 'browser' is required by BeforeTest on method OpenBrowser but has not been marked @Optional or defined
in C:\Users\sanja\AppData\Local\Temp\testng-eclipse--1839385262\testng-customsuite.xml
at org.testng.internal.Parameters.createParams(Parameters.java:270)
at org.testng.internal.Parameters.createParametersForMethod(Parameters.java:358)
at org.testng.internal.Parameters.createParameters(Parameters.java:700)
at org.testng.internal.Parameters.createConfigurationParameters(Parameters.java:168)
at org.testng.internal.ConfigInvoker.invokeConfigurations(ConfigInvoker.java:302)
at org.testng.TestRunner.invokeTestConfigurations(TestRunner.java:637)
at org.testng.TestRunner.beforeRun(TestRunner.java:627)
at org.testng.TestRunner.run(TestRunner.java:589)
at org.testng.SuiteRunner.runTest(SuiteRunner.java:377)
at org.testng.SuiteRunner.runSequentially(SuiteRunner.java:371)
at org.testng.SuiteRunner.privateRun(SuiteRunner.java:332)
at org.testng.SuiteRunner.run(SuiteRunner.java:276)
at org.testng.SuiteRunnerWorker.runSuite(SuiteRunnerWorker.java:53)
at org.testng.SuiteRunnerWorker.run(SuiteRunnerWorker.java:96)
at org.testng.TestNG.runSuitesSequentially(TestNG.java:1212)
at org.testng.TestNG.runSuitesLocally(TestNG.java:1134)
at org.testng.TestNG.runSuites(TestNG.java:1063)
at org.testng.TestNG.run(TestNG.java:1031)
at org.testng.remote.AbstractRemoteTestNG.run(AbstractRemoteTestNG.java:115)
at org.testng.remote.RemoteTestNG.initAndRun(RemoteTestNG.java:251)
at org.testng.remote.RemoteTestNG.main(RemoteTestNG.java:77)
]]>
    </failure>
  </testcase> <!-- @BeforeTest OpenBrowser -->
  <testcase classname="TestingNGDEMO.InstagramTestNG" name="@BeforeClass createPOMObject" time="-1.679933887608E9">
    <skipped/>
  </testcase> <!-- @BeforeClass createPOMObject -->
  <testcase classname="TestingNGDEMO.InstagramTestNG" name="@BeforeMethod beforeMethod" time="-1.679933887616E9">
    <skipped/>
  </testcase> <!-- @BeforeMethod beforeMethod -->
  <testcase classname="TestingNGDEMO.InstagramTestNG" name="@AfterMethod afterMethod" time="-1.679933887621E9">
    <skipped/>
  </testcase> <!-- @AfterMethod afterMethod -->
  <testcase classname="TestingNGDEMO.InstagramTestNG" name="@BeforeMethod beforeMethod" time="-1.679933887624E9">
    <skipped/>
  </testcase> <!-- @BeforeMethod beforeMethod -->
  <testcase classname="TestingNGDEMO.InstagramTestNG" name="@AfterMethod afterMethod" time="-1.679933887628E9">
    <skipped/>
  </testcase> <!-- @AfterMethod afterMethod -->
  <testcase classname="TestingNGDEMO.InstagramTestNG" name="@BeforeMethod beforeMethod" time="-1.679933887629E9">
    <skipped/>
  </testcase> <!-- @BeforeMethod beforeMethod -->
  <testcase classname="TestingNGDEMO.InstagramTestNG" name="@AfterMethod afterMethod" time="-1.679933887632E9">
    <skipped/>
  </testcase> <!-- @AfterMethod afterMethod -->
  <testcase classname="TestingNGDEMO.InstagramTestNG" name="@AfterClass clearObject" time="-1.679933887633E9">
    <skipped/>
  </testcase> <!-- @AfterClass clearObject -->
  <testcase classname="TestingNGDEMO.InstagramTestNG" name="@AfterTest afterTest" time="-1.679933887634E9">
    <skipped/>
  </testcase> <!-- @AfterTest afterTest -->
  <testcase classname="TestingNGDEMO.InstagramTestNG" name="VerifyInstagramLink" time="0.0">
    <skipped/>
  </testcase> <!-- VerifyInstagramLink -->
  <testcase classname="TestingNGDEMO.InstagramTestNG" name="VerifyForgotPassworfLinkInstagram" time="0.0">
    <skipped/>
  </testcase> <!-- VerifyForgotPassworfLinkInstagram -->
  <testcase classname="TestingNGDEMO.InstagramTestNG" name="VerifyGOHOMEpAGE" time="0.0">
    <skipped/>
  </testcase> <!-- VerifyGOHOMEpAGE -->
</testsuite> <!-- Default test -->
