<?xml version="1.0" encoding="UTF-8"?>
<!-- Generated by org.testng.reporters.JUnitXMLReporter -->
<testsuite ignored="0" hostname="ACER" failures="1" tests="3" name="EdgeTest" time="68.88" errors="0" timestamp="2023-04-14T10:55:44 IST">
  <testcase classname="TestingNGDEMO.InstagramTestNG" name="VerifyInstagramLink" time="24.951"/>
  <testcase classname="TestingNGDEMO.InstagramTestNG" name="VerifyForgotPassworfLinkInstagram" time="8.114"/>
  <testcase classname="TestingNGDEMO.InstagramTestNG" name="VerifyUserCanGoInstagramPageToFacebookMainPage" time="0.057">
    <failure type="java.lang.AssertionError" message="The following asserts failed:
	Tile is wrong expected [Create a ] but found [Create a Page]">
      <![CDATA[java.lang.AssertionError: The following asserts failed:
Tile is wrong expected [Create a ] but found [Create a Page]
at TestingNGDEMO.InstagramTestNG.VerifyUserCanGoInstagramPageToFacebookMainPage(InstagramTestNG.java:161)
at java.base/java.util.concurrent.ThreadPoolExecutor.runWorker(ThreadPoolExecutor.java:1136)
at java.base/java.util.concurrent.ThreadPoolExecutor$Worker.run(ThreadPoolExecutor.java:635)
at java.base/java.lang.Thread.run(Thread.java:833)
... Removed 14 stack frames]]>
    </failure>
  </testcase> <!-- VerifyUserCanGoInstagramPageToFacebookMainPage -->
</testsuite> <!-- EdgeTest -->
